<?xml version="1.0" encoding="UTF-8"?>
<testng-results skipped="0" failed="0" ignored="0" total="0" passed="0">
  <reporter-output>
  </reporter-output>
  <suite name="Surefire suite" duration-ms="11972" started-at="2020-05-27T07:43:35 UTC" finished-at="2020-05-27T07:43:47 UTC">
    <groups>
    </groups>
    <test name="Surefire test" duration-ms="11972" started-at="2020-05-27T07:43:35 UTC" finished-at="2020-05-27T07:43:47 UTC">
    </test> <!-- Surefire test -->
  </suite> <!-- Surefire suite -->
</testng-results>
